# JRE version: Java(TM) SE Runtime Environment (8.0_231-b11) (build 1.8.0_231-b11)
# Java VM: Java HotSpot(TM) 64-Bit Server VM (25.231-b11 mixed mode linux-amd64 compressed oops)
Heap:
 PSYoungGen      total 250368K, used 76878K [0x00000000d7100000, 0x00000000e9180000, 0x0000000100000000)
  eden space 245248K, 31% used [0x00000000d7100000,0x00000000dbbe3988,0x00000000e6080000)
  from space 5120K, 3% used [0x00000000e6080000,0x00000000e60b0000,0x00000000e6580000)
  to   space 5120K, 0% used [0x00000000e8c80000,0x00000000e8c80000,0x00000000e9180000)
 ParOldGen       total 104960K, used 19863K [0x0000000085200000, 0x000000008b880000, 0x00000000d7100000)
  object space 104960K, 18% used [0x0000000085200000,0x0000000086565d28,0x000000008b880000)
 Metaspace       used 25146K, capacity 25456K, committed 25728K, reserved 1071104K
  class space    used 3058K, capacity 3171K, committed 3200K, reserved 1048576K
GC Heap History (10 events):
Event: 40,120 GC heap before
{Heap before GC invocations=15 (full 2):
 PSYoungGen      total 153088K, used 148000K [0x00000000d7100000, 0x00000000e0d80000, 0x0000000100000000)
  eden space 147968K, 100% used [0x00000000d7100000,0x00000000e0180000,0x00000000e0180000)
  from space 5120K, 0% used [0x00000000e0880000,0x00000000e0888000,0x00000000e0d80000)
  to   space 6144K, 0% used [0x00000000e0180000,0x00000000e0180000,0x00000000e0780000)
 ParOldGen       total 104960K, used 19855K [0x0000000085200000, 0x000000008b880000, 0x00000000d7100000)
  object space 104960K, 18% used [0x0000000085200000,0x0000000086563d28,0x000000008b880000)
 Metaspace       used 24939K, capacity 25296K, committed 25728K, reserved 1071104K
  class space    used 3036K, capacity 3139K, committed 3200K, reserved 1048576K
Event: 40,122 GC heap after
Heap after GC invocations=15 (full 2):
 PSYoungGen      total 154112K, used 96K [0x00000000d7100000, 0x00000000e3c00000, 0x0000000100000000)
  eden space 147968K, 0% used [0x00000000d7100000,0x00000000d7100000,0x00000000e0180000)
  from space 6144K, 1% used [0x00000000e0180000,0x00000000e0198000,0x00000000e0780000)
  to   space 5632K, 0% used [0x00000000e3680000,0x00000000e3680000,0x00000000e3c00000)
 ParOldGen       total 104960K, used 19855K [0x0000000085200000, 0x000000008b880000, 0x00000000d7100000)
  object space 104960K, 18% used [0x0000000085200000,0x0000000086563d28,0x000000008b880000)
 Metaspace       used 24939K, capacity 25296K, committed 25728K, reserved 1071104K
  class space    used 3036K, capacity 3139K, committed 3200K, reserved 1048576K
}
Event: 40,382 GC heap before
{Heap before GC invocations=16 (full 2):
 PSYoungGen      total 154112K, used 148064K [0x00000000d7100000, 0x00000000e3c00000, 0x0000000100000000)
  eden space 147968K, 100% used [0x00000000d7100000,0x00000000e0180000,0x00000000e0180000)
  from space 6144K, 1% used [0x00000000e0180000,0x00000000e0198000,0x00000000e0780000)
  to   space 5632K, 0% used [0x00000000e3680000,0x00000000e3680000,0x00000000e3c00000)
 ParOldGen       total 104960K, used 19855K [0x0000000085200000, 0x000000008b880000, 0x00000000d7100000)
  object space 104960K, 18% used [0x0000000085200000,0x0000000086563d28,0x000000008b880000)
 Metaspace       used 24939K, capacity 25296K, committed 25728K, reserved 1071104K
  class space    used 3036K, capacity 3139K, committed 3200K, reserved 1048576K
Event: 40,384 GC heap after
Heap after GC invocations=16 (full 2):
 PSYoungGen      total 197120K, used 64K [0x00000000d7100000, 0x00000000e3980000, 0x0000000100000000)
  eden space 194048K, 0% used [0x00000000d7100000,0x00000000d7100000,0x00000000e2e80000)
  from space 3072K, 2% used [0x00000000e3680000,0x00000000e3690000,0x00000000e3980000)
  to   space 5632K, 0% used [0x00000000e2e80000,0x00000000e2e80000,0x00000000e3400000)
 ParOldGen       total 104960K, used 19855K [0x0000000085200000, 0x000000008b880000, 0x00000000d7100000)
  object space 104960K, 18% used [0x0000000085200000,0x0000000086563d28,0x000000008b880000)
 Metaspace       used 24939K, capacity 25296K, committed 25728K, reserved 1071104K
  class space    used 3036K, capacity 3139K, committed 3200K, reserved 1048576K
}
Event: 40,840 GC heap before
{Heap before GC invocations=17 (full 2):
 PSYoungGen      total 197120K, used 194112K [0x00000000d7100000, 0x00000000e3980000, 0x0000000100000000)
  eden space 194048K, 100% used [0x00000000d7100000,0x00000000e2e80000,0x00000000e2e80000)
  from space 3072K, 2% used [0x00000000e3680000,0x00000000e3690000,0x00000000e3980000)
  to   space 5632K, 0% used [0x00000000e2e80000,0x00000000e2e80000,0x00000000e3400000)
 ParOldGen       total 104960K, used 19855K [0x0000000085200000, 0x000000008b880000, 0x00000000d7100000)
  object space 104960K, 18% used [0x0000000085200000,0x0000000086563d28,0x000000008b880000)
 Metaspace       used 24958K, capacity 25296K, committed 25728K, reserved 1071104K
  class space    used 3036K, capacity 3139K, committed 3200K, reserved 1048576K
Event: 40,842 GC heap after
Heap after GC invocations=17 (full 2):
 PSYoungGen      total 199680K, used 64K [0x00000000d7100000, 0x00000000e6f80000, 0x0000000100000000)
  eden space 194048K, 0% used [0x00000000d7100000,0x00000000d7100000,0x00000000e2e80000)
  from space 5632K, 1% used [0x00000000e2e80000,0x00000000e2e90000,0x00000000e3400000)
  to   space 5632K, 0% used [0x00000000e6a00000,0x00000000e6a00000,0x00000000e6f80000)
 ParOldGen       total 104960K, used 19855K [0x0000000085200000, 0x000000008b880000, 0x00000000d7100000)
  object space 104960K, 18% used [0x0000000085200000,0x0000000086563d28,0x000000008b880000)
 Metaspace       used 24958K, capacity 25296K, committed 25728K, reserved 1071104K
  class space    used 3036K, capacity 3139K, committed 3200K, reserved 1048576K
}
Event: 41,274 GC heap before
{Heap before GC invocations=18 (full 2):
 PSYoungGen      total 199680K, used 194112K [0x00000000d7100000, 0x00000000e6f80000, 0x0000000100000000)
  eden space 194048K, 100% used [0x00000000d7100000,0x00000000e2e80000,0x00000000e2e80000)
  from space 5632K, 1% used [0x00000000e2e80000,0x00000000e2e90000,0x00000000e3400000)
  to   space 5632K, 0% used [0x00000000e6a00000,0x00000000e6a00000,0x00000000e6f80000)
 ParOldGen       total 104960K, used 19855K [0x0000000085200000, 0x000000008b880000, 0x00000000d7100000)
  object space 104960K, 18% used [0x0000000085200000,0x0000000086563d28,0x000000008b880000)
 Metaspace       used 24961K, capacity 25296K, committed 25728K, reserved 1071104K
  class space    used 3036K, capacity 3139K, committed 3200K, reserved 1048576K
Event: 41,276 GC heap after
Heap after GC invocations=18 (full 2):
 PSYoungGen      total 245248K, used 128K [0x00000000d7100000, 0x00000000e6a80000, 0x0000000100000000)
  eden space 244736K, 0% used [0x00000000d7100000,0x00000000d7100000,0x00000000e6000000)
  from space 512K, 25% used [0x00000000e6a00000,0x00000000e6a20000,0x00000000e6a80000)
  to   space 5120K, 0% used [0x00000000e6080000,0x00000000e6080000,0x00000000e6580000)
 ParOldGen       total 104960K, used 19855K [0x0000000085200000, 0x000000008b880000, 0x00000000d7100000)
  object space 104960K, 18% used [0x0000000085200000,0x0000000086563d28,0x000000008b880000)
 Metaspace       used 24961K, capacity 25296K, committed 25728K, reserved 1071104K
  class space    used 3036K, capacity 3139K, committed 3200K, reserved 1048576K
}
Event: 41,812 GC heap before
{Heap before GC invocations=19 (full 2):
 PSYoungGen      total 245248K, used 244864K [0x00000000d7100000, 0x00000000e6a80000, 0x0000000100000000)
  eden space 244736K, 100% used [0x00000000d7100000,0x00000000e6000000,0x00000000e6000000)
  from space 512K, 25% used [0x00000000e6a00000,0x00000000e6a20000,0x00000000e6a80000)
  to   space 5120K, 0% used [0x00000000e6080000,0x00000000e6080000,0x00000000e6580000)
 ParOldGen       total 104960K, used 19855K [0x0000000085200000, 0x000000008b880000, 0x00000000d7100000)
  object space 104960K, 18% used [0x0000000085200000,0x0000000086563d28,0x000000008b880000)
 Metaspace       used 25056K, capacity 25360K, committed 25728K, reserved 1071104K
  class space    used 3043K, capacity 3139K, committed 3200K, reserved 1048576K
Event: 41,815 GC heap after
Heap after GC invocations=19 (full 2):
 PSYoungGen      total 250368K, used 192K [0x00000000d7100000, 0x00000000e9180000, 0x0000000100000000)
  eden space 245248K, 0% used [0x00000000d7100000,0x00000000d7100000,0x00000000e6080000)
  from space 5120K, 3% used [0x00000000e6080000,0x00000000e60b0000,0x00000000e6580000)
  to   space 5120K, 0% used [0x00000000e8c80000,0x00000000e8c80000,0x00000000e9180000)
 ParOldGen       total 104960K, used 19863K [0x0000000085200000, 0x000000008b880000, 0x00000000d7100000)
  object space 104960K, 18% used [0x0000000085200000,0x0000000086565d28,0x000000008b880000)
 Metaspace       used 25056K, capacity 25360K, committed 25728K, reserved 1071104K
  class space    used 3043K, capacity 3139K, committed 3200K, reserved 1048576K
}

